0 info it worked if it ends with ok
1 verbose cli [ 'C:\\xampp\\nodejs\\node.exe',
1 verbose cli   'C:\\xampp\\nodejs\\node_modules\\npm\\bin\\npm-cli.js',
1 verbose cli   'run',
1 verbose cli   'devн' ]
2 info using npm@3.10.10
3 info using node@v6.11.2
4 verbose stack Error: missing script: devн
4 verbose stack     at run (C:\xampp\nodejs\node_modules\npm\lib\run-script.js:151:19)
4 verbose stack     at C:\xampp\nodejs\node_modules\npm\lib\run-script.js:61:5
4 verbose stack     at C:\xampp\nodejs\node_modules\npm\node_modules\read-package-json\read-json.js:356:5
4 verbose stack     at checkBinReferences_ (C:\xampp\nodejs\node_modules\npm\node_modules\read-package-json\read-json.js:320:45)
4 verbose stack     at final (C:\xampp\nodejs\node_modules\npm\node_modules\read-package-json\read-json.js:354:3)
4 verbose stack     at then (C:\xampp\nodejs\node_modules\npm\node_modules\read-package-json\read-json.js:124:5)
4 verbose stack     at ReadFileContext.<anonymous> (C:\xampp\nodejs\node_modules\npm\node_modules\read-package-json\read-json.js:295:20)
4 verbose stack     at ReadFileContext.callback (C:\xampp\nodejs\node_modules\npm\node_modules\graceful-fs\graceful-fs.js:78:16)
4 verbose stack     at FSReqWrap.readFileAfterOpen [as oncomplete] (fs.js:366:13)
5 verbose cwd C:\xampp\htdocs\www.reactjs\camp\table-git-chart
6 error Windows_NT 6.1.7601
7 error argv "C:\\xampp\\nodejs\\node.exe" "C:\\xampp\\nodejs\\node_modules\\npm\\bin\\npm-cli.js" "run" "devн"
8 error node v6.11.2
9 error npm  v3.10.10
10 error missing script: devн
11 error If you need help, you may report this error at:
11 error     <https://github.com/npm/npm/issues>
12 verbose exit [ 1, true ]
